<?xml version="1.0" encoding="UTF-8"?>
<!-- Generated by org.testng.reporters.JUnitReportReporter -->
<testsuite skipped="0" hostname="Nayeems-MacBook-Pro.local" name="testCases.Amazon_TestCase" tests="1" failures="0" timestamp="2022-10-18T14:34:10 BDT" time="16.436" errors="0">
  <testcase name="OpenMenu" time="16.436" classname="testCases.Amazon_TestCase"/>
  <system-out/>
</testsuite> <!-- testCases.Amazon_TestCase -->
